<?xml version="1.0" encoding="UTF-8"?>
<!-- Generated by org.testng.reporters.JUnitXMLReporter -->
<testsuite ignored="0" hostname="LAPTOP-Q81EIA6P" failures="0" tests="4" name="OpencartTests" time="50.734" errors="0" timestamp="2021-03-24T12:25:24 MDT">
  <testcase classname="testCases.TC_003_LoginDDT" name="test_LoginDDT" time="5.084"/>
  <testcase classname="testCases.TC_003_LoginDDT" name="test_LoginDDT" time="12.307"/>
  <testcase classname="testCases.TC_003_LoginDDT" name="test_LoginDDT" time="13.061"/>
  <testcase classname="testCases.TC_003_LoginDDT" name="test_LoginDDT" time="13.162"/>
</testsuite> <!-- OpencartTests -->
